PM> Update-Database
Build started...
Build succeeded.
Microsoft.EntityFrameworkCore.Database.Command[20101]
      Executed DbCommand (63ms) [Parameters=[], CommandType='Text', CommandTimeout='30']
      SELECT 1
Microsoft.EntityFrameworkCore.Database.Command[20101]
      Executed DbCommand (67ms) [Parameters=[], CommandType='Text', CommandTimeout='30']
      SELECT OBJECT_ID(N'[__EFMigrationsHistory]');
Microsoft.EntityFrameworkCore.Database.Command[20101]
      Executed DbCommand (43ms) [Parameters=[], CommandType='Text', CommandTimeout='30']
      SELECT 1
Microsoft.EntityFrameworkCore.Database.Command[20101]
      Executed DbCommand (116ms) [Parameters=[], CommandType='Text', CommandTimeout='30']
      CREATE TABLE [__EFMigrationsHistory] (
          [MigrationId] nvarchar(150) NOT NULL,
          [ProductVersion] nvarchar(32) NOT NULL,
          CONSTRAINT [PK___EFMigrationsHistory] PRIMARY KEY ([MigrationId])
      );
Microsoft.EntityFrameworkCore.Database.Command[20101]
      Executed DbCommand (34ms) [Parameters=[], CommandType='Text', CommandTimeout='30']
      SELECT 1
Microsoft.EntityFrameworkCore.Database.Command[20101]
      Executed DbCommand (45ms) [Parameters=[], CommandType='Text', CommandTimeout='30']
      SELECT OBJECT_ID(N'[__EFMigrationsHistory]');
Microsoft.EntityFrameworkCore.Database.Command[20101]
      Executed DbCommand (50ms) [Parameters=[], CommandType='Text', CommandTimeout='30']
      SELECT [MigrationId], [ProductVersion]
      FROM [__EFMigrationsHistory]
      ORDER BY [MigrationId];
Microsoft.EntityFrameworkCore.Migrations[20402]
      Applying migration '20250331101438_InitialCreate'.
Applying migration '20250331101438_InitialCreate'.
Microsoft.EntityFrameworkCore.Database.Command[20101]
      Executed DbCommand (41ms) [Parameters=[], CommandType='Text', CommandTimeout='30']
      CREATE TABLE [User] (
          [Id] int NOT NULL IDENTITY,
          [Username] nvarchar(255) NOT NULL,
          [PasswordHash] nvarchar(256) NOT NULL,
          [FirstName] nvarchar(150) NOT NULL,
          [LastName] nvarchar(150) NOT NULL,
          [RoleId] int NOT NULL,
          [Created] datetime2 NOT NULL,
          [Updated] datetime2 NOT NULL,
          CONSTRAINT [PK_User] PRIMARY KEY ([Id])
      );
Microsoft.EntityFrameworkCore.Database.Command[20101]
      Executed DbCommand (97ms) [Parameters=[], CommandType='Text', CommandTimeout='30']
      DECLARE @historyTableSchema sysname = SCHEMA_NAME()
      EXEC(N'CREATE TABLE [MissingPerson] (
          [Id] int NOT NULL IDENTITY,
          [FirstName] nvarchar(150) NOT NULL,
          [LastName] nvarchar(150) NOT NULL,
          [DateOfBirth] datetime2 NOT NULL,
          [GenderId] int NOT NULL,
          [RaceId] int NOT NULL,
          [ProvinceId] int NOT NULL,
          [DateWentMissing] datetime2 NOT NULL,
          [HairColour] nvarchar(50) NOT NULL,
          [HairLengthOrStyle] nvarchar(50) NOT NULL,
          [EyeColour] nvarchar(50) NOT NULL,
          [Height] int NOT NULL,
          [Weight] float NOT NULL,
          [MarksTattoos] nvarchar(100) NOT NULL,
          [LastSeenWearing] nvarchar(500) NOT NULL,
          [LocationLastSeen] nvarchar(150) NOT NULL,
          [DetailsOfDisappearance] nvarchar(500) NOT NULL,
          [ImageUrl] nvarchar(500) NOT NULL,
          [PoliceStation] nvarchar(250) NOT NULL,
          [CaseNumber] nvarchar(50) NOT NULL,
          [InvestigatingOfficer] nvarchar(300) NOT NULL,
          [InvestigatingOfficerContactNumber] nvarchar(15) NOT NULL,
          [FamilyContactName] nvarchar(300) NOT NULL,
          [FamilyContactNumber] nvarchar(15) NOT NULL,
          [StatusId] int NOT NULL,
          [Created] datetime2 NOT NULL,
          [Updated] datetime2 NOT NULL,
          [ModerationStatusId] int NOT NULL,
          [LastEditedByUserId] int NULL,
          [SysEndTime] datetime2 GENERATED ALWAYS AS ROW END HIDDEN NOT NULL,
          [SysStartTime] datetime2 GENERATED ALWAYS AS ROW START HIDDEN NOT NULL,
          CONSTRAINT [PK_MissingPerson_Id] PRIMARY KEY CLUSTERED ([Id]),
          CONSTRAINT [FK_MissingPerson_LastEditedByUserId] FOREIGN KEY ([LastEditedByUserId]) REFERENCES [User] ([Id]) ON DELETE NO ACTION,
          PERIOD FOR SYSTEM_TIME([SysStartTime], [SysEndTime])
      ) WITH (SYSTEM_VERSIONING = ON (HISTORY_TABLE = [' + @historyTableSchema + N'].[MissingPersonHistory]))');
Microsoft.EntityFrameworkCore.Database.Command[20101]
      Executed DbCommand (47ms) [Parameters=[], CommandType='Text', CommandTimeout='30']
      DECLARE @historyTableSchema sysname = SCHEMA_NAME()
      EXEC(N'CREATE TABLE [MissingPersonModerationQueue] (
          [Id] int NOT NULL IDENTITY,
          [Created] datetime2 NOT NULL,
          [Updated] datetime2 NOT NULL,
          [ModeratedByUserId] int NULL,
          [ModerationStatusId] int NOT NULL,
          [ModerationStatusReason] nvarchar(255) NULL,
          [MissingPersonId] int NOT NULL,
          [SysEndTime] datetime2 GENERATED ALWAYS AS ROW END HIDDEN NOT NULL,
          [SysStartTime] datetime2 GENERATED ALWAYS AS ROW START HIDDEN NOT NULL,
          CONSTRAINT [PK_MissingPersonModerationQueue_Id] PRIMARY KEY CLUSTERED ([Id]),
          CONSTRAINT [FK_MissingPersonModerationQueue_MissingPersonId] FOREIGN KEY ([MissingPersonId]) REFERENCES [MissingPerson] ([Id]) ON DELETE NO ACTION,
          CONSTRAINT [FK_MissingPersonModerationQueue_ModeratedByUserId] FOREIGN KEY ([ModeratedByUserId]) REFERENCES [User] ([Id]) ON DELETE NO ACTION,
          PERIOD FOR SYSTEM_TIME([SysStartTime], [SysEndTime])
      ) WITH (SYSTEM_VERSIONING = ON (HISTORY_TABLE = [' + @historyTableSchema + N'].[MissingPersonModerationQueueHistory]))');
Microsoft.EntityFrameworkCore.Database.Command[20101]
      Executed DbCommand (40ms) [Parameters=[], CommandType='Text', CommandTimeout='30']
      CREATE INDEX [IX_MissingPerson_LastEditedByUserId] ON [MissingPerson] ([LastEditedByUserId]);
Microsoft.EntityFrameworkCore.Database.Command[20101]
      Executed DbCommand (40ms) [Parameters=[], CommandType='Text', CommandTimeout='30']
      CREATE INDEX [IX_MissingPersonModerationQueue_MissingPersonId] ON [MissingPersonModerationQueue] ([MissingPersonId]);
Microsoft.EntityFrameworkCore.Database.Command[20101]
      Executed DbCommand (39ms) [Parameters=[], CommandType='Text', CommandTimeout='30']
      CREATE INDEX [IX_MissingPersonModerationQueue_ModeratedByUserId] ON [MissingPersonModerationQueue] ([ModeratedByUserId]);
Microsoft.EntityFrameworkCore.Database.Command[20101]
      Executed DbCommand (46ms) [Parameters=[], CommandType='Text', CommandTimeout='30']
      CREATE UNIQUE INDEX [UQ_User_Username] ON [User] ([Username]);
Microsoft.EntityFrameworkCore.Database.Command[20101]
      Executed DbCommand (44ms) [Parameters=[], CommandType='Text', CommandTimeout='30']
      INSERT INTO [__EFMigrationsHistory] ([MigrationId], [ProductVersion])
      VALUES (N'20250331101438_InitialCreate', N'8.0.14');
Done.
PM> 